

============================== 2023-03-02 21:47:30.391240 | 18413b04-c42b-4947-8556-d46ea5c9eed6 ==============================
[0m21:47:30.391245 [info ] [MainThread]: Running with dbt=1.3.1
[0m21:47:30.391448 [debug] [MainThread]: running dbt with arguments {'write_json': True, 'use_colors': True, 'printer_width': 80, 'version_check': True, 'partial_parse': True, 'static_parser': True, 'profiles_dir': '/Users/christophercannon/.dbt', 'send_anonymous_usage_stats': True, 'event_buffer_size': 100000, 'quiet': False, 'no_print': False, 'project_name': 'jaffle_shop', 'skip_profile_setup': False, 'which': 'init', 'indirect_selection': 'eager'}
[0m21:47:30.391520 [debug] [MainThread]: Tracking: tracking
[0m21:47:30.400838 [debug] [MainThread]: Sending event: {'category': 'dbt', 'action': 'invocation', 'label': 'start', 'context': [<snowplow_tracker.self_describing_json.SelfDescribingJson object at 0x105f286d0>, <snowplow_tracker.self_describing_json.SelfDescribingJson object at 0x105f281f0>, <snowplow_tracker.self_describing_json.SelfDescribingJson object at 0x105f280d0>]}
[0m21:47:30.402150 [debug] [MainThread]: Starter project path: /opt/homebrew/Cellar/dbt-snowflake/1.3.0/libexec/lib/python3.9/site-packages/dbt/include/starter_project
[0m21:47:39.944397 [debug] [MainThread]: Sending event: {'category': 'dbt', 'action': 'invocation', 'label': 'end', 'context': [<snowplow_tracker.self_describing_json.SelfDescribingJson object at 0x105edf790>, <snowplow_tracker.self_describing_json.SelfDescribingJson object at 0x105f0c430>, <snowplow_tracker.self_describing_json.SelfDescribingJson object at 0x105f0cfd0>]}
[0m21:47:39.945716 [debug] [MainThread]: Flushing usage events


============================== 2023-03-07 22:45:33.748147 | 8b96d25e-0b88-4f91-b0d9-2fb7c9eb5df2 ==============================
[0m22:45:33.748153 [info ] [MainThread]: Running with dbt=1.3.1
[0m22:45:33.748480 [debug] [MainThread]: running dbt with arguments {'write_json': True, 'use_colors': True, 'printer_width': 80, 'version_check': True, 'partial_parse': True, 'static_parser': True, 'profiles_dir': '/Users/christophercannon/.dbt', 'send_anonymous_usage_stats': True, 'event_buffer_size': 100000, 'quiet': False, 'no_print': False, 'skip_profile_setup': False, 'which': 'init', 'indirect_selection': 'eager'}
[0m22:45:33.748551 [debug] [MainThread]: Tracking: tracking
[0m22:45:33.761100 [debug] [MainThread]: Sending event: {'category': 'dbt', 'action': 'invocation', 'label': 'start', 'context': [<snowplow_tracker.self_describing_json.SelfDescribingJson object at 0x105ef5970>, <snowplow_tracker.self_describing_json.SelfDescribingJson object at 0x105ef5af0>, <snowplow_tracker.self_describing_json.SelfDescribingJson object at 0x105ef5fd0>]}
[0m22:45:56.700126 [debug] [MainThread]: Starter project path: /opt/homebrew/Cellar/dbt-snowflake/1.3.0/libexec/lib/python3.9/site-packages/dbt/include/starter_project
[0m22:47:10.370781 [info ] [MainThread]: Profile jinja_macros_packages_course written to /Users/christophercannon/.dbt/profiles.yml using target's profile_template.yml and your supplied values. Run 'dbt debug' to validate the connection.
[0m22:47:10.371622 [info ] [MainThread]: 
Your new dbt project "jinja_macros_packages_course" was created!

For more information on how to configure the profiles.yml file,
please consult the dbt documentation here:

  https://docs.getdbt.com/docs/configure-your-profile

One more thing:

Need help? Don't hesitate to reach out to us via GitHub issues or on Slack:

  https://community.getdbt.com/

Happy modeling!

[0m22:47:10.372105 [debug] [MainThread]: Sending event: {'category': 'dbt', 'action': 'invocation', 'label': 'end', 'context': [<snowplow_tracker.self_describing_json.SelfDescribingJson object at 0x105ef5af0>, <snowplow_tracker.self_describing_json.SelfDescribingJson object at 0x105efa100>, <snowplow_tracker.self_describing_json.SelfDescribingJson object at 0x105efa490>]}
[0m22:47:10.372477 [debug] [MainThread]: Flushing usage events
